<?xml version="1.0" encoding="UTF-8"?>
<testng-results skipped="0" failed="0" ignored="0" total="3" passed="3">
  <reporter-output>
  </reporter-output>
  <suite name="Default suite" duration-ms="4815" started-at="2022-09-27T17:28:38 IST" finished-at="2022-09-27T17:28:43 IST">
    <groups>
    </groups>
    <test name="Default test" duration-ms="4815" started-at="2022-09-27T17:28:38 IST" finished-at="2022-09-27T17:28:43 IST">
      <class name="test.Test2">
        <test-method status="PASS" signature="get_method()[pri:0, instance:test.Test2@184f6be2]" name="get_method" duration-ms="3747" started-at="2022-09-27T17:28:38 IST" finished-at="2022-09-27T17:28:42 IST">
          <reporter-output>
          </reporter-output>
        </test-method> <!-- get_method -->
        <test-method status="PASS" signature="post_Method1()[pri:0, instance:test.Test2@184f6be2]" name="post_Method1" duration-ms="3" started-at="2022-09-27T17:28:42 IST" finished-at="2022-09-27T17:28:42 IST">
          <reporter-output>
          </reporter-output>
        </test-method> <!-- post_Method1 -->
        <test-method status="PASS" signature="post_method2()[pri:0, instance:test.Test2@184f6be2]" name="post_method2" duration-ms="977" started-at="2022-09-27T17:28:42 IST" finished-at="2022-09-27T17:28:43 IST">
          <reporter-output>
          </reporter-output>
        </test-method> <!-- post_method2 -->
      </class> <!-- test.Test2 -->
    </test> <!-- Default test -->
  </suite> <!-- Default suite -->
</testng-results>
